Using lockfile: '/mnt/Workspace/vgrejdieru_project/build/conan.lock'
Using cached profile from lockfile
conanfile.py (vgrejdieru_project/None): Calling build()
-- The CXX compiler identification is GNU 10.1.0
-- Check for working CXX compiler: /opt/gcc/10.1.0/bin/c++
-- Check for working CXX compiler: /opt/gcc/10.1.0/bin/c++ - works
-- Detecting CXX compiler ABI info
-- Detecting CXX compiler ABI info - done
-- Detecting CXX compile features
-- Detecting CXX compile features - done
-- Conan: called by CMake conan helper
-- Conan: Adjusting output directories
-- Conan: Using cmake targets configuration
-- Library libgmock.a found /home/vgrejdieru/.conan/data/googletest/1.10.0/cvs/stable/package/a21a9e0b7b16e17627e11261c7835c56638ca636/lib/libgmock.a
-- Library libgtest.a found /home/vgrejdieru/.conan/data/googletest/1.10.0/cvs/stable/package/a21a9e0b7b16e17627e11261c7835c56638ca636/lib/libgtest.a
-- Library libcvs_query.a found /home/vgrejdieru/.conan/data/cvs_query/1.7.0/cvs/stable/package/fb60a65ce47104dc2e87b23b35526bca983b5bdf/lib/libcvs_query.a
-- Library libcvs_util.a found /home/vgrejdieru/.conan/data/cvs_util/1.13.0/cvs/stable/package/886de75dc6e7838d08aaf63657d47fd4c62281d8/lib/libcvs_util.a
-- Library libmariadbclient.a found /home/vgrejdieru/.conan/data/mariadb-connector-c/3.1.3/cvs/stable/package/999a10bf1f5b12a55ad0fca21e1b55f047a3eed2/lib/libmariadbclient.a
-- Library boost_system found /home/vgrejdieru/.conan/data/boost/1.72.0/cvs/stable/package/6ce7404d104a51b3061394587d69be63c539112e/lib/libboost_system.a
-- Conan: Adjusting default RPATHs Conan policies
-- Conan: Adjusting language standard
-- Conan: Compiler GCC>=5, checking major version 10
-- Conan: Checking correct version: 10
-- Conan: C++ stdlib: libstdc++
-- Configuring done
-- Generating done
CMake Warning:
  Manually-specified variables were not used by the project:

    CMAKE_EXPORT_NO_PACKAGE_REGISTRY
    CMAKE_INSTALL_BINDIR
    CMAKE_INSTALL_DATAROOTDIR
    CMAKE_INSTALL_INCLUDEDIR
    CMAKE_INSTALL_LIBDIR
    CMAKE_INSTALL_LIBEXECDIR
    CMAKE_INSTALL_OLDINCLUDEDIR
    CMAKE_INSTALL_SBINDIR


-- Build files have been written to: /mnt/Workspace/vgrejdieru_project/build
/usr/bin/cmake3 -S/mnt/Workspace/vgrejdieru_project -B/mnt/Workspace/vgrejdieru_project/build --check-build-system CMakeFiles/Makefile.cmake 0
/usr/bin/cmake3 -E cmake_progress_start /mnt/Workspace/vgrejdieru_project/build/CMakeFiles /mnt/Workspace/vgrejdieru_project/build/CMakeFiles/progress.marks
/bin/gmake  -f CMakeFiles/Makefile2 all
gmake[1]: Entering directory `/mnt/Workspace/vgrejdieru_project/build'
/bin/gmake  -f CMakeFiles/project_test.dir/build.make CMakeFiles/project_test.dir/depend
/bin/gmake  -f CMakeFiles/project.dir/build.make CMakeFiles/project.dir/depend
gmake[2]: Entering directory `/mnt/Workspace/vgrejdieru_project/build'
cd /mnt/Workspace/vgrejdieru_project/build && /usr/bin/cmake3 -E cmake_depends "Unix Makefiles" /mnt/Workspace/vgrejdieru_project /mnt/Workspace/vgrejdieru_project /mnt/Workspace/vgrejdieru_project/build /mnt/Workspace/vgrejdieru_project/build /mnt/Workspace/vgrejdieru_project/build/CMakeFiles/project_test.dir/DependInfo.cmake --color=
gmake[2]: Entering directory `/mnt/Workspace/vgrejdieru_project/build'
cd /mnt/Workspace/vgrejdieru_project/build && /usr/bin/cmake3 -E cmake_depends "Unix Makefiles" /mnt/Workspace/vgrejdieru_project /mnt/Workspace/vgrejdieru_project /mnt/Workspace/vgrejdieru_project/build /mnt/Workspace/vgrejdieru_project/build /mnt/Workspace/vgrejdieru_project/build/CMakeFiles/project.dir/DependInfo.cmake --color=
Dependee "/mnt/Workspace/vgrejdieru_project/build/CMakeFiles/project_test.dir/DependInfo.cmake" is newer than depender "/mnt/Workspace/vgrejdieru_project/build/CMakeFiles/project_test.dir/depend.internal".
Dependee "/mnt/Workspace/vgrejdieru_project/build/CMakeFiles/project.dir/DependInfo.cmake" is newer than depender "/mnt/Workspace/vgrejdieru_project/build/CMakeFiles/project.dir/depend.internal".
Dependee "/mnt/Workspace/vgrejdieru_project/build/CMakeFiles/CMakeDirectoryInformation.cmake" is newer than depender "/mnt/Workspace/vgrejdieru_project/build/CMakeFiles/project.dir/depend.internal".
Dependee "/mnt/Workspace/vgrejdieru_project/build/CMakeFiles/CMakeDirectoryInformation.cmake" is newer than depender "/mnt/Workspace/vgrejdieru_project/build/CMakeFiles/project_test.dir/depend.internal".
Scanning dependencies of target project_test
gmake[2]: Leaving directory `/mnt/Workspace/vgrejdieru_project/build'
/bin/gmake  -f CMakeFiles/project_test.dir/build.make CMakeFiles/project_test.dir/build
Scanning dependencies of target project
gmake[2]: Leaving directory `/mnt/Workspace/vgrejdieru_project/build'
/bin/gmake  -f CMakeFiles/project.dir/build.make CMakeFiles/project.dir/build
gmake[2]: Entering directory `/mnt/Workspace/vgrejdieru_project/build'
[ 10%] Building CXX object CMakeFiles/project_test.dir/src/run_tests.cpp.o
/opt/gcc/10.1.0/bin/c++  -DBOOST_USE_STATIC_LIBS -D_GLIBCXX_USE_CXX11_ABI=0 -I/mnt/Workspace/vgrejdieru_project/src -isystem /home/vgrejdieru/.conan/data/googletest/1.10.0/cvs/stable/package/a21a9e0b7b16e17627e11261c7835c56638ca636/include -isystem /home/vgrejdieru/.conan/data/cvs_query/1.7.0/cvs/stable/package/fb60a65ce47104dc2e87b23b35526bca983b5bdf/include -isystem /home/vgrejdieru/.conan/data/mariadb-connector-c/3.1.3/cvs/stable/package/999a10bf1f5b12a55ad0fca21e1b55f047a3eed2/include -isystem /home/vgrejdieru/.conan/data/cvs_util/1.13.0/cvs/stable/package/886de75dc6e7838d08aaf63657d47fd4c62281d8/include -isystem /home/vgrejdieru/.conan/data/boost/1.72.0/cvs/stable/package/6ce7404d104a51b3061394587d69be63c539112e/include  -m64 -O3 -DNDEBUG   -o CMakeFiles/project_test.dir/src/run_tests.cpp.o -c /mnt/Workspace/vgrejdieru_project/src/run_tests.cpp
[ 30%] Building CXX object CMakeFiles/project_test.dir/src/db_manager/real/db_manager.cpp.o
[ 30%] Building CXX object CMakeFiles/project_test.dir/src/server_manager/server_manager.cpp.o
/opt/gcc/10.1.0/bin/c++  -DBOOST_USE_STATIC_LIBS -D_GLIBCXX_USE_CXX11_ABI=0 -I/mnt/Workspace/vgrejdieru_project/src -isystem /home/vgrejdieru/.conan/data/googletest/1.10.0/cvs/stable/package/a21a9e0b7b16e17627e11261c7835c56638ca636/include -isystem /home/vgrejdieru/.conan/data/cvs_query/1.7.0/cvs/stable/package/fb60a65ce47104dc2e87b23b35526bca983b5bdf/include -isystem /home/vgrejdieru/.conan/data/mariadb-connector-c/3.1.3/cvs/stable/package/999a10bf1f5b12a55ad0fca21e1b55f047a3eed2/include -isystem /home/vgrejdieru/.conan/data/cvs_util/1.13.0/cvs/stable/package/886de75dc6e7838d08aaf63657d47fd4c62281d8/include -isystem /home/vgrejdieru/.conan/data/boost/1.72.0/cvs/stable/package/6ce7404d104a51b3061394587d69be63c539112e/include  -m64 -O3 -DNDEBUG   -o CMakeFiles/project_test.dir/src/db_manager/real/db_manager.cpp.o -c /mnt/Workspace/vgrejdieru_project/src/db_manager/real/db_manager.cpp
/opt/gcc/10.1.0/bin/c++  -DBOOST_USE_STATIC_LIBS -D_GLIBCXX_USE_CXX11_ABI=0 -I/mnt/Workspace/vgrejdieru_project/src -isystem /home/vgrejdieru/.conan/data/googletest/1.10.0/cvs/stable/package/a21a9e0b7b16e17627e11261c7835c56638ca636/include -isystem /home/vgrejdieru/.conan/data/cvs_query/1.7.0/cvs/stable/package/fb60a65ce47104dc2e87b23b35526bca983b5bdf/include -isystem /home/vgrejdieru/.conan/data/mariadb-connector-c/3.1.3/cvs/stable/package/999a10bf1f5b12a55ad0fca21e1b55f047a3eed2/include -isystem /home/vgrejdieru/.conan/data/cvs_util/1.13.0/cvs/stable/package/886de75dc6e7838d08aaf63657d47fd4c62281d8/include -isystem /home/vgrejdieru/.conan/data/boost/1.72.0/cvs/stable/package/6ce7404d104a51b3061394587d69be63c539112e/include  -m64 -O3 -DNDEBUG   -o CMakeFiles/project_test.dir/src/server_manager/server_manager.cpp.o -c /mnt/Workspace/vgrejdieru_project/src/server_manager/server_manager.cpp
[ 40%] Building CXX object CMakeFiles/project_test.dir/src/log_manager/real/logger.cpp.o
gmake[2]: Entering directory `/mnt/Workspace/vgrejdieru_project/build'
/opt/gcc/10.1.0/bin/c++  -DBOOST_USE_STATIC_LIBS -D_GLIBCXX_USE_CXX11_ABI=0 -I/mnt/Workspace/vgrejdieru_project/src -isystem /home/vgrejdieru/.conan/data/googletest/1.10.0/cvs/stable/package/a21a9e0b7b16e17627e11261c7835c56638ca636/include -isystem /home/vgrejdieru/.conan/data/cvs_query/1.7.0/cvs/stable/package/fb60a65ce47104dc2e87b23b35526bca983b5bdf/include -isystem /home/vgrejdieru/.conan/data/mariadb-connector-c/3.1.3/cvs/stable/package/999a10bf1f5b12a55ad0fca21e1b55f047a3eed2/include -isystem /home/vgrejdieru/.conan/data/cvs_util/1.13.0/cvs/stable/package/886de75dc6e7838d08aaf63657d47fd4c62281d8/include -isystem /home/vgrejdieru/.conan/data/boost/1.72.0/cvs/stable/package/6ce7404d104a51b3061394587d69be63c539112e/include  -m64 -O3 -DNDEBUG   -o CMakeFiles/project_test.dir/src/log_manager/real/logger.cpp.o -c /mnt/Workspace/vgrejdieru_project/src/log_manager/real/logger.cpp
[ 50%] Building CXX object CMakeFiles/project.dir/src/main.cpp.o
/opt/gcc/10.1.0/bin/c++  -DBOOST_USE_STATIC_LIBS -D_GLIBCXX_USE_CXX11_ABI=0 -I/mnt/Workspace/vgrejdieru_project/src -isystem /home/vgrejdieru/.conan/data/googletest/1.10.0/cvs/stable/package/a21a9e0b7b16e17627e11261c7835c56638ca636/include -isystem /home/vgrejdieru/.conan/data/cvs_query/1.7.0/cvs/stable/package/fb60a65ce47104dc2e87b23b35526bca983b5bdf/include -isystem /home/vgrejdieru/.conan/data/mariadb-connector-c/3.1.3/cvs/stable/package/999a10bf1f5b12a55ad0fca21e1b55f047a3eed2/include -isystem /home/vgrejdieru/.conan/data/cvs_util/1.13.0/cvs/stable/package/886de75dc6e7838d08aaf63657d47fd4c62281d8/include -isystem /home/vgrejdieru/.conan/data/boost/1.72.0/cvs/stable/package/6ce7404d104a51b3061394587d69be63c539112e/include  -m64 -O3 -DNDEBUG   -o CMakeFiles/project.dir/src/main.cpp.o -c /mnt/Workspace/vgrejdieru_project/src/main.cpp
[ 60%] Building CXX object CMakeFiles/project.dir/src/server_manager/server_manager.cpp.o
/opt/gcc/10.1.0/bin/c++  -DBOOST_USE_STATIC_LIBS -D_GLIBCXX_USE_CXX11_ABI=0 -I/mnt/Workspace/vgrejdieru_project/src -isystem /home/vgrejdieru/.conan/data/googletest/1.10.0/cvs/stable/package/a21a9e0b7b16e17627e11261c7835c56638ca636/include -isystem /home/vgrejdieru/.conan/data/cvs_query/1.7.0/cvs/stable/package/fb60a65ce47104dc2e87b23b35526bca983b5bdf/include -isystem /home/vgrejdieru/.conan/data/mariadb-connector-c/3.1.3/cvs/stable/package/999a10bf1f5b12a55ad0fca21e1b55f047a3eed2/include -isystem /home/vgrejdieru/.conan/data/cvs_util/1.13.0/cvs/stable/package/886de75dc6e7838d08aaf63657d47fd4c62281d8/include -isystem /home/vgrejdieru/.conan/data/boost/1.72.0/cvs/stable/package/6ce7404d104a51b3061394587d69be63c539112e/include  -m64 -O3 -DNDEBUG   -o CMakeFiles/project.dir/src/server_manager/server_manager.cpp.o -c /mnt/Workspace/vgrejdieru_project/src/server_manager/server_manager.cpp
[ 70%] Building CXX object CMakeFiles/project.dir/src/db_manager/real/db_manager.cpp.o
[ 80%] Building CXX object CMakeFiles/project.dir/src/log_manager/real/logger.cpp.o
/opt/gcc/10.1.0/bin/c++  -DBOOST_USE_STATIC_LIBS -D_GLIBCXX_USE_CXX11_ABI=0 -I/mnt/Workspace/vgrejdieru_project/src -isystem /home/vgrejdieru/.conan/data/googletest/1.10.0/cvs/stable/package/a21a9e0b7b16e17627e11261c7835c56638ca636/include -isystem /home/vgrejdieru/.conan/data/cvs_query/1.7.0/cvs/stable/package/fb60a65ce47104dc2e87b23b35526bca983b5bdf/include -isystem /home/vgrejdieru/.conan/data/mariadb-connector-c/3.1.3/cvs/stable/package/999a10bf1f5b12a55ad0fca21e1b55f047a3eed2/include -isystem /home/vgrejdieru/.conan/data/cvs_util/1.13.0/cvs/stable/package/886de75dc6e7838d08aaf63657d47fd4c62281d8/include -isystem /home/vgrejdieru/.conan/data/boost/1.72.0/cvs/stable/package/6ce7404d104a51b3061394587d69be63c539112e/include  -m64 -O3 -DNDEBUG   -o CMakeFiles/project.dir/src/db_manager/real/db_manager.cpp.o -c /mnt/Workspace/vgrejdieru_project/src/db_manager/real/db_manager.cpp
/opt/gcc/10.1.0/bin/c++  -DBOOST_USE_STATIC_LIBS -D_GLIBCXX_USE_CXX11_ABI=0 -I/mnt/Workspace/vgrejdieru_project/src -isystem /home/vgrejdieru/.conan/data/googletest/1.10.0/cvs/stable/package/a21a9e0b7b16e17627e11261c7835c56638ca636/include -isystem /home/vgrejdieru/.conan/data/cvs_query/1.7.0/cvs/stable/package/fb60a65ce47104dc2e87b23b35526bca983b5bdf/include -isystem /home/vgrejdieru/.conan/data/mariadb-connector-c/3.1.3/cvs/stable/package/999a10bf1f5b12a55ad0fca21e1b55f047a3eed2/include -isystem /home/vgrejdieru/.conan/data/cvs_util/1.13.0/cvs/stable/package/886de75dc6e7838d08aaf63657d47fd4c62281d8/include -isystem /home/vgrejdieru/.conan/data/boost/1.72.0/cvs/stable/package/6ce7404d104a51b3061394587d69be63c539112e/include  -m64 -O3 -DNDEBUG   -o CMakeFiles/project.dir/src/log_manager/real/logger.cpp.o -c /mnt/Workspace/vgrejdieru_project/src/log_manager/real/logger.cpp
[ 90%] Linking CXX executable project
/usr/bin/cmake3 -E cmake_link_script CMakeFiles/project.dir/link.txt --verbose=1
/opt/gcc/10.1.0/bin/c++   -m64 -O3 -DNDEBUG   CMakeFiles/project.dir/src/main.cpp.o CMakeFiles/project.dir/src/server_manager/server_manager.cpp.o CMakeFiles/project.dir/src/db_manager/real/db_manager.cpp.o CMakeFiles/project.dir/src/log_manager/real/logger.cpp.o  -o project  -lpthread -ldl /home/vgrejdieru/.conan/data/googletest/1.10.0/cvs/stable/package/a21a9e0b7b16e17627e11261c7835c56638ca636/lib/libgmock.a /home/vgrejdieru/.conan/data/googletest/1.10.0/cvs/stable/package/a21a9e0b7b16e17627e11261c7835c56638ca636/lib/libgtest.a /home/vgrejdieru/.conan/data/cvs_query/1.7.0/cvs/stable/package/fb60a65ce47104dc2e87b23b35526bca983b5bdf/lib/libcvs_query.a /home/vgrejdieru/.conan/data/mariadb-connector-c/3.1.3/cvs/stable/package/999a10bf1f5b12a55ad0fca21e1b55f047a3eed2/lib/libmariadbclient.a /home/vgrejdieru/.conan/data/cvs_util/1.13.0/cvs/stable/package/886de75dc6e7838d08aaf63657d47fd4c62281d8/lib/libcvs_util.a /home/vgrejdieru/.conan/data/boost/1.72.0/cvs/stable/package/6ce7404d104a51b3061394587d69be63c539112e/lib/libboost_system.a 
gmake[2]: Leaving directory `/mnt/Workspace/vgrejdieru_project/build'
[ 90%] Built target project
[100%] Linking CXX executable project_test
/usr/bin/cmake3 -E cmake_link_script CMakeFiles/project_test.dir/link.txt --verbose=1
/opt/gcc/10.1.0/bin/c++   -m64 -O3 -DNDEBUG   CMakeFiles/project_test.dir/src/run_tests.cpp.o CMakeFiles/project_test.dir/src/server_manager/server_manager.cpp.o CMakeFiles/project_test.dir/src/db_manager/real/db_manager.cpp.o CMakeFiles/project_test.dir/src/log_manager/real/logger.cpp.o  -o project_test  -lpthread -ldl /home/vgrejdieru/.conan/data/googletest/1.10.0/cvs/stable/package/a21a9e0b7b16e17627e11261c7835c56638ca636/lib/libgmock.a /home/vgrejdieru/.conan/data/googletest/1.10.0/cvs/stable/package/a21a9e0b7b16e17627e11261c7835c56638ca636/lib/libgtest.a /home/vgrejdieru/.conan/data/cvs_query/1.7.0/cvs/stable/package/fb60a65ce47104dc2e87b23b35526bca983b5bdf/lib/libcvs_query.a /home/vgrejdieru/.conan/data/mariadb-connector-c/3.1.3/cvs/stable/package/999a10bf1f5b12a55ad0fca21e1b55f047a3eed2/lib/libmariadbclient.a /home/vgrejdieru/.conan/data/cvs_util/1.13.0/cvs/stable/package/886de75dc6e7838d08aaf63657d47fd4c62281d8/lib/libcvs_util.a /home/vgrejdieru/.conan/data/boost/1.72.0/cvs/stable/package/6ce7404d104a51b3061394587d69be63c539112e/lib/libboost_system.a 
gmake[2]: Leaving directory `/mnt/Workspace/vgrejdieru_project/build'
[100%] Built target project_test
gmake[1]: Leaving directory `/mnt/Workspace/vgrejdieru_project/build'
/usr/bin/cmake3 -E cmake_progress_start /mnt/Workspace/vgrejdieru_project/build/CMakeFiles 0
