The system is: Linux - 5.4.0-56-generic - x86_64
Compiling the CXX compiler identification source file "CMakeCXXCompilerId.cpp" succeeded.
Compiler: /opt/gcc/10.1.0/bin/c++ 
Build flags: 
Id flags:  

The output was:
0


Compilation of the CXX compiler identification source "CMakeCXXCompilerId.cpp" produced "a.out"

The CXX compiler identification is GNU, found in "/mnt/Workspace/vgrejdieru_project/build/CMakeFiles/3.17.1/CompilerIdCXX/a.out"

Determining if the CXX compiler works passed with the following output:
Change Dir: /mnt/Workspace/vgrejdieru_project/build/CMakeFiles/CMakeTmp

Run Build Command(s):/bin/gmake cmTC_6846a/fast && /bin/gmake  -f CMakeFiles/cmTC_6846a.dir/build.make CMakeFiles/cmTC_6846a.dir/build
gmake[1]: Entering directory `/mnt/Workspace/vgrejdieru_project/build/CMakeFiles/CMakeTmp'
Building CXX object CMakeFiles/cmTC_6846a.dir/testCXXCompiler.cxx.o
/opt/gcc/10.1.0/bin/c++     -o CMakeFiles/cmTC_6846a.dir/testCXXCompiler.cxx.o -c /mnt/Workspace/vgrejdieru_project/build/CMakeFiles/CMakeTmp/testCXXCompiler.cxx
Linking CXX executable cmTC_6846a
/usr/bin/cmake3 -E cmake_link_script CMakeFiles/cmTC_6846a.dir/link.txt --verbose=1
/opt/gcc/10.1.0/bin/c++       CMakeFiles/cmTC_6846a.dir/testCXXCompiler.cxx.o  -o cmTC_6846a 
gmake[1]: Leaving directory `/mnt/Workspace/vgrejdieru_project/build/CMakeFiles/CMakeTmp'



Detecting CXX compiler ABI info compiled with the following output:
Change Dir: /mnt/Workspace/vgrejdieru_project/build/CMakeFiles/CMakeTmp

Run Build Command(s):/bin/gmake cmTC_a8752/fast && /bin/gmake  -f CMakeFiles/cmTC_a8752.dir/build.make CMakeFiles/cmTC_a8752.dir/build
gmake[1]: Entering directory `/mnt/Workspace/vgrejdieru_project/build/CMakeFiles/CMakeTmp'
Building CXX object CMakeFiles/cmTC_a8752.dir/CMakeCXXCompilerABI.cpp.o
/opt/gcc/10.1.0/bin/c++    -v -o CMakeFiles/cmTC_a8752.dir/CMakeCXXCompilerABI.cpp.o -c /usr/share/cmake3/Modules/CMakeCXXCompilerABI.cpp
Using built-in specs.
COLLECT_GCC=/opt/gcc/10.1.0/bin/c++
Target: x86_64-pc-linux-gnu
Configured with: /opt/gcc/gcc-10.1.0-build/../gcc-10.1.0-src/configure --prefix=/opt/gcc/10.1.0 --enable-languages=c,c++ --enable-libatomic --with-pic --disable-multilib
Thread model: posix
Supported LTO compression algorithms: zlib
gcc version 10.1.0 (GCC) 
COLLECT_GCC_OPTIONS='-v' '-o' 'CMakeFiles/cmTC_a8752.dir/CMakeCXXCompilerABI.cpp.o' '-c' '-shared-libgcc' '-mtune=generic' '-march=x86-64'
 /opt/gcc/10.1.0/libexec/gcc/x86_64-pc-linux-gnu/10.1.0/cc1plus -quiet -v -D_GNU_SOURCE /usr/share/cmake3/Modules/CMakeCXXCompilerABI.cpp -quiet -dumpbase CMakeCXXCompilerABI.cpp -mtune=generic -march=x86-64 -auxbase-strip CMakeFiles/cmTC_a8752.dir/CMakeCXXCompilerABI.cpp.o -version -o /tmp/cc9uVua8.s
GNU C++14 (GCC) version 10.1.0 (x86_64-pc-linux-gnu)
	compiled by GNU C version 10.1.0, GMP version 6.1.0, MPFR version 3.1.4, MPC version 1.0.3, isl version isl-0.18-GMP

GGC heuristics: --param ggc-min-expand=100 --param ggc-min-heapsize=131072
ignoring nonexistent directory "/opt/gcc/10.1.0/lib/gcc/x86_64-pc-linux-gnu/10.1.0/../../../../x86_64-pc-linux-gnu/include"
#include "..." search starts here:
#include <...> search starts here:
 /opt/gcc/10.1.0/lib/gcc/x86_64-pc-linux-gnu/10.1.0/../../../../include/c++/10.1.0
 /opt/gcc/10.1.0/lib/gcc/x86_64-pc-linux-gnu/10.1.0/../../../../include/c++/10.1.0/x86_64-pc-linux-gnu
 /opt/gcc/10.1.0/lib/gcc/x86_64-pc-linux-gnu/10.1.0/../../../../include/c++/10.1.0/backward
 /opt/gcc/10.1.0/lib/gcc/x86_64-pc-linux-gnu/10.1.0/include
 /usr/local/include
 /opt/gcc/10.1.0/include
 /opt/gcc/10.1.0/lib/gcc/x86_64-pc-linux-gnu/10.1.0/include-fixed
 /usr/include
End of search list.
GNU C++14 (GCC) version 10.1.0 (x86_64-pc-linux-gnu)
	compiled by GNU C version 10.1.0, GMP version 6.1.0, MPFR version 3.1.4, MPC version 1.0.3, isl version isl-0.18-GMP

GGC heuristics: --param ggc-min-expand=100 --param ggc-min-heapsize=131072
Compiler executable checksum: 45289bf18b649c72026c95032e166dc0
COLLECT_GCC_OPTIONS='-v' '-o' 'CMakeFiles/cmTC_a8752.dir/CMakeCXXCompilerABI.cpp.o' '-c' '-shared-libgcc' '-mtune=generic' '-march=x86-64'
 as -v --64 -o CMakeFiles/cmTC_a8752.dir/CMakeCXXCompilerABI.cpp.o /tmp/cc9uVua8.s
GNU assembler version 2.34 (x86_64-pc-linux-gnu) using BFD version (GNU Binutils) 2.34
COMPILER_PATH=/opt/gcc/10.1.0/libexec/gcc/x86_64-pc-linux-gnu/10.1.0/:/opt/gcc/10.1.0/libexec/gcc/x86_64-pc-linux-gnu/10.1.0/:/opt/gcc/10.1.0/libexec/gcc/x86_64-pc-linux-gnu/:/opt/gcc/10.1.0/lib/gcc/x86_64-pc-linux-gnu/10.1.0/:/opt/gcc/10.1.0/lib/gcc/x86_64-pc-linux-gnu/
LIBRARY_PATH=/opt/gcc/10.1.0/lib/gcc/x86_64-pc-linux-gnu/10.1.0/:/opt/gcc/10.1.0/lib/gcc/x86_64-pc-linux-gnu/10.1.0/../../../../lib64/:/lib/../lib64/:/usr/lib/../lib64/:/opt/gcc/10.1.0/lib/gcc/x86_64-pc-linux-gnu/10.1.0/../../../:/lib/:/usr/lib/
COLLECT_GCC_OPTIONS='-v' '-o' 'CMakeFiles/cmTC_a8752.dir/CMakeCXXCompilerABI.cpp.o' '-c' '-shared-libgcc' '-mtune=generic' '-march=x86-64'
Linking CXX executable cmTC_a8752
/usr/bin/cmake3 -E cmake_link_script CMakeFiles/cmTC_a8752.dir/link.txt --verbose=1
/opt/gcc/10.1.0/bin/c++      -v CMakeFiles/cmTC_a8752.dir/CMakeCXXCompilerABI.cpp.o  -o cmTC_a8752 
Using built-in specs.
COLLECT_GCC=/opt/gcc/10.1.0/bin/c++
COLLECT_LTO_WRAPPER=/opt/gcc/10.1.0/libexec/gcc/x86_64-pc-linux-gnu/10.1.0/lto-wrapper
Target: x86_64-pc-linux-gnu
Configured with: /opt/gcc/gcc-10.1.0-build/../gcc-10.1.0-src/configure --prefix=/opt/gcc/10.1.0 --enable-languages=c,c++ --enable-libatomic --with-pic --disable-multilib
Thread model: posix
Supported LTO compression algorithms: zlib
gcc version 10.1.0 (GCC) 
COMPILER_PATH=/opt/gcc/10.1.0/libexec/gcc/x86_64-pc-linux-gnu/10.1.0/:/opt/gcc/10.1.0/libexec/gcc/x86_64-pc-linux-gnu/10.1.0/:/opt/gcc/10.1.0/libexec/gcc/x86_64-pc-linux-gnu/:/opt/gcc/10.1.0/lib/gcc/x86_64-pc-linux-gnu/10.1.0/:/opt/gcc/10.1.0/lib/gcc/x86_64-pc-linux-gnu/
LIBRARY_PATH=/opt/gcc/10.1.0/lib/gcc/x86_64-pc-linux-gnu/10.1.0/:/opt/gcc/10.1.0/lib/gcc/x86_64-pc-linux-gnu/10.1.0/../../../../lib64/:/lib/../lib64/:/usr/lib/../lib64/:/opt/gcc/10.1.0/lib/gcc/x86_64-pc-linux-gnu/10.1.0/../../../:/lib/:/usr/lib/
COLLECT_GCC_OPTIONS='-v' '-o' 'cmTC_a8752' '-shared-libgcc' '-mtune=generic' '-march=x86-64'
 /opt/gcc/10.1.0/libexec/gcc/x86_64-pc-linux-gnu/10.1.0/collect2 -plugin /opt/gcc/10.1.0/libexec/gcc/x86_64-pc-linux-gnu/10.1.0/liblto_plugin.so -plugin-opt=/opt/gcc/10.1.0/libexec/gcc/x86_64-pc-linux-gnu/10.1.0/lto-wrapper -plugin-opt=-fresolution=/tmp/ccQVtLFb.res -plugin-opt=-pass-through=-lgcc_s -plugin-opt=-pass-through=-lgcc -plugin-opt=-pass-through=-lc -plugin-opt=-pass-through=-lgcc_s -plugin-opt=-pass-through=-lgcc --eh-frame-hdr -m elf_x86_64 -dynamic-linker /lib64/ld-linux-x86-64.so.2 -o cmTC_a8752 /lib/../lib64/crt1.o /lib/../lib64/crti.o /opt/gcc/10.1.0/lib/gcc/x86_64-pc-linux-gnu/10.1.0/crtbegin.o -L/opt/gcc/10.1.0/lib/gcc/x86_64-pc-linux-gnu/10.1.0 -L/opt/gcc/10.1.0/lib/gcc/x86_64-pc-linux-gnu/10.1.0/../../../../lib64 -L/lib/../lib64 -L/usr/lib/../lib64 -L/opt/gcc/10.1.0/lib/gcc/x86_64-pc-linux-gnu/10.1.0/../../.. CMakeFiles/cmTC_a8752.dir/CMakeCXXCompilerABI.cpp.o -lstdc++ -lm -lgcc_s -lgcc -lc -lgcc_s -lgcc /opt/gcc/10.1.0/lib/gcc/x86_64-pc-linux-gnu/10.1.0/crtend.o /lib/../lib64/crtn.o
COLLECT_GCC_OPTIONS='-v' '-o' 'cmTC_a8752' '-shared-libgcc' '-mtune=generic' '-march=x86-64'
gmake[1]: Leaving directory `/mnt/Workspace/vgrejdieru_project/build/CMakeFiles/CMakeTmp'



Parsed CXX implicit include dir info from above output: rv=done
  found start of include info
  found start of implicit include info
    add: [/opt/gcc/10.1.0/lib/gcc/x86_64-pc-linux-gnu/10.1.0/../../../../include/c++/10.1.0]
    add: [/opt/gcc/10.1.0/lib/gcc/x86_64-pc-linux-gnu/10.1.0/../../../../include/c++/10.1.0/x86_64-pc-linux-gnu]
    add: [/opt/gcc/10.1.0/lib/gcc/x86_64-pc-linux-gnu/10.1.0/../../../../include/c++/10.1.0/backward]
    add: [/opt/gcc/10.1.0/lib/gcc/x86_64-pc-linux-gnu/10.1.0/include]
    add: [/usr/local/include]
    add: [/opt/gcc/10.1.0/include]
    add: [/opt/gcc/10.1.0/lib/gcc/x86_64-pc-linux-gnu/10.1.0/include-fixed]
    add: [/usr/include]
  end of search list found
  collapse include dir [/opt/gcc/10.1.0/lib/gcc/x86_64-pc-linux-gnu/10.1.0/../../../../include/c++/10.1.0] ==> [/opt/gcc/10.1.0/include/c++/10.1.0]
  collapse include dir [/opt/gcc/10.1.0/lib/gcc/x86_64-pc-linux-gnu/10.1.0/../../../../include/c++/10.1.0/x86_64-pc-linux-gnu] ==> [/opt/gcc/10.1.0/include/c++/10.1.0/x86_64-pc-linux-gnu]
  collapse include dir [/opt/gcc/10.1.0/lib/gcc/x86_64-pc-linux-gnu/10.1.0/../../../../include/c++/10.1.0/backward] ==> [/opt/gcc/10.1.0/include/c++/10.1.0/backward]
  collapse include dir [/opt/gcc/10.1.0/lib/gcc/x86_64-pc-linux-gnu/10.1.0/include] ==> [/opt/gcc/10.1.0/lib/gcc/x86_64-pc-linux-gnu/10.1.0/include]
  collapse include dir [/usr/local/include] ==> [/usr/local/include]
  collapse include dir [/opt/gcc/10.1.0/include] ==> [/opt/gcc/10.1.0/include]
  collapse include dir [/opt/gcc/10.1.0/lib/gcc/x86_64-pc-linux-gnu/10.1.0/include-fixed] ==> [/opt/gcc/10.1.0/lib/gcc/x86_64-pc-linux-gnu/10.1.0/include-fixed]
  collapse include dir [/usr/include] ==> [/usr/include]
  implicit include dirs: [/opt/gcc/10.1.0/include/c++/10.1.0;/opt/gcc/10.1.0/include/c++/10.1.0/x86_64-pc-linux-gnu;/opt/gcc/10.1.0/include/c++/10.1.0/backward;/opt/gcc/10.1.0/lib/gcc/x86_64-pc-linux-gnu/10.1.0/include;/usr/local/include;/opt/gcc/10.1.0/include;/opt/gcc/10.1.0/lib/gcc/x86_64-pc-linux-gnu/10.1.0/include-fixed;/usr/include]


Parsed CXX implicit link information from above output:
  link line regex: [^( *|.*[/\])(ld|CMAKE_LINK_STARTFILE-NOTFOUND|([^/\]+-)?ld|collect2)[^/\]*( |$)]
  ignore line: [Change Dir: /mnt/Workspace/vgrejdieru_project/build/CMakeFiles/CMakeTmp]
  ignore line: []
  ignore line: [Run Build Command(s):/bin/gmake cmTC_a8752/fast && /bin/gmake  -f CMakeFiles/cmTC_a8752.dir/build.make CMakeFiles/cmTC_a8752.dir/build]
  ignore line: [gmake[1]: Entering directory `/mnt/Workspace/vgrejdieru_project/build/CMakeFiles/CMakeTmp']
  ignore line: [Building CXX object CMakeFiles/cmTC_a8752.dir/CMakeCXXCompilerABI.cpp.o]
  ignore line: [/opt/gcc/10.1.0/bin/c++    -v -o CMakeFiles/cmTC_a8752.dir/CMakeCXXCompilerABI.cpp.o -c /usr/share/cmake3/Modules/CMakeCXXCompilerABI.cpp]
  ignore line: [Using built-in specs.]
  ignore line: [COLLECT_GCC=/opt/gcc/10.1.0/bin/c++]
  ignore line: [Target: x86_64-pc-linux-gnu]
  ignore line: [Configured with: /opt/gcc/gcc-10.1.0-build/../gcc-10.1.0-src/configure --prefix=/opt/gcc/10.1.0 --enable-languages=c c++ --enable-libatomic --with-pic --disable-multilib]
  ignore line: [Thread model: posix]
  ignore line: [Supported LTO compression algorithms: zlib]
  ignore line: [gcc version 10.1.0 (GCC) ]
  ignore line: [COLLECT_GCC_OPTIONS='-v' '-o' 'CMakeFiles/cmTC_a8752.dir/CMakeCXXCompilerABI.cpp.o' '-c' '-shared-libgcc' '-mtune=generic' '-march=x86-64']
  ignore line: [ /opt/gcc/10.1.0/libexec/gcc/x86_64-pc-linux-gnu/10.1.0/cc1plus -quiet -v -D_GNU_SOURCE /usr/share/cmake3/Modules/CMakeCXXCompilerABI.cpp -quiet -dumpbase CMakeCXXCompilerABI.cpp -mtune=generic -march=x86-64 -auxbase-strip CMakeFiles/cmTC_a8752.dir/CMakeCXXCompilerABI.cpp.o -version -o /tmp/cc9uVua8.s]
  ignore line: [GNU C++14 (GCC) version 10.1.0 (x86_64-pc-linux-gnu)]
  ignore line: [	compiled by GNU C version 10.1.0  GMP version 6.1.0  MPFR version 3.1.4  MPC version 1.0.3  isl version isl-0.18-GMP]
  ignore line: []
  ignore line: [GGC heuristics: --param ggc-min-expand=100 --param ggc-min-heapsize=131072]
  ignore line: [ignoring nonexistent directory "/opt/gcc/10.1.0/lib/gcc/x86_64-pc-linux-gnu/10.1.0/../../../../x86_64-pc-linux-gnu/include"]
  ignore line: [#include "..." search starts here:]
  ignore line: [#include <...> search starts here:]
  ignore line: [ /opt/gcc/10.1.0/lib/gcc/x86_64-pc-linux-gnu/10.1.0/../../../../include/c++/10.1.0]
  ignore line: [ /opt/gcc/10.1.0/lib/gcc/x86_64-pc-linux-gnu/10.1.0/../../../../include/c++/10.1.0/x86_64-pc-linux-gnu]
  ignore line: [ /opt/gcc/10.1.0/lib/gcc/x86_64-pc-linux-gnu/10.1.0/../../../../include/c++/10.1.0/backward]
  ignore line: [ /opt/gcc/10.1.0/lib/gcc/x86_64-pc-linux-gnu/10.1.0/include]
  ignore line: [ /usr/local/include]
  ignore line: [ /opt/gcc/10.1.0/include]
  ignore line: [ /opt/gcc/10.1.0/lib/gcc/x86_64-pc-linux-gnu/10.1.0/include-fixed]
  ignore line: [ /usr/include]
  ignore line: [End of search list.]
  ignore line: [GNU C++14 (GCC) version 10.1.0 (x86_64-pc-linux-gnu)]
  ignore line: [	compiled by GNU C version 10.1.0  GMP version 6.1.0  MPFR version 3.1.4  MPC version 1.0.3  isl version isl-0.18-GMP]
  ignore line: []
  ignore line: [GGC heuristics: --param ggc-min-expand=100 --param ggc-min-heapsize=131072]
  ignore line: [Compiler executable checksum: 45289bf18b649c72026c95032e166dc0]
  ignore line: [COLLECT_GCC_OPTIONS='-v' '-o' 'CMakeFiles/cmTC_a8752.dir/CMakeCXXCompilerABI.cpp.o' '-c' '-shared-libgcc' '-mtune=generic' '-march=x86-64']
  ignore line: [ as -v --64 -o CMakeFiles/cmTC_a8752.dir/CMakeCXXCompilerABI.cpp.o /tmp/cc9uVua8.s]
  ignore line: [GNU assembler version 2.34 (x86_64-pc-linux-gnu) using BFD version (GNU Binutils) 2.34]
  ignore line: [COMPILER_PATH=/opt/gcc/10.1.0/libexec/gcc/x86_64-pc-linux-gnu/10.1.0/:/opt/gcc/10.1.0/libexec/gcc/x86_64-pc-linux-gnu/10.1.0/:/opt/gcc/10.1.0/libexec/gcc/x86_64-pc-linux-gnu/:/opt/gcc/10.1.0/lib/gcc/x86_64-pc-linux-gnu/10.1.0/:/opt/gcc/10.1.0/lib/gcc/x86_64-pc-linux-gnu/]
  ignore line: [LIBRARY_PATH=/opt/gcc/10.1.0/lib/gcc/x86_64-pc-linux-gnu/10.1.0/:/opt/gcc/10.1.0/lib/gcc/x86_64-pc-linux-gnu/10.1.0/../../../../lib64/:/lib/../lib64/:/usr/lib/../lib64/:/opt/gcc/10.1.0/lib/gcc/x86_64-pc-linux-gnu/10.1.0/../../../:/lib/:/usr/lib/]
  ignore line: [COLLECT_GCC_OPTIONS='-v' '-o' 'CMakeFiles/cmTC_a8752.dir/CMakeCXXCompilerABI.cpp.o' '-c' '-shared-libgcc' '-mtune=generic' '-march=x86-64']
  ignore line: [Linking CXX executable cmTC_a8752]
  ignore line: [/usr/bin/cmake3 -E cmake_link_script CMakeFiles/cmTC_a8752.dir/link.txt --verbose=1]
  ignore line: [/opt/gcc/10.1.0/bin/c++      -v CMakeFiles/cmTC_a8752.dir/CMakeCXXCompilerABI.cpp.o  -o cmTC_a8752 ]
  ignore line: [Using built-in specs.]
  ignore line: [COLLECT_GCC=/opt/gcc/10.1.0/bin/c++]
  ignore line: [COLLECT_LTO_WRAPPER=/opt/gcc/10.1.0/libexec/gcc/x86_64-pc-linux-gnu/10.1.0/lto-wrapper]
  ignore line: [Target: x86_64-pc-linux-gnu]
  ignore line: [Configured with: /opt/gcc/gcc-10.1.0-build/../gcc-10.1.0-src/configure --prefix=/opt/gcc/10.1.0 --enable-languages=c c++ --enable-libatomic --with-pic --disable-multilib]
  ignore line: [Thread model: posix]
  ignore line: [Supported LTO compression algorithms: zlib]
  ignore line: [gcc version 10.1.0 (GCC) ]
  ignore line: [COMPILER_PATH=/opt/gcc/10.1.0/libexec/gcc/x86_64-pc-linux-gnu/10.1.0/:/opt/gcc/10.1.0/libexec/gcc/x86_64-pc-linux-gnu/10.1.0/:/opt/gcc/10.1.0/libexec/gcc/x86_64-pc-linux-gnu/:/opt/gcc/10.1.0/lib/gcc/x86_64-pc-linux-gnu/10.1.0/:/opt/gcc/10.1.0/lib/gcc/x86_64-pc-linux-gnu/]
  ignore line: [LIBRARY_PATH=/opt/gcc/10.1.0/lib/gcc/x86_64-pc-linux-gnu/10.1.0/:/opt/gcc/10.1.0/lib/gcc/x86_64-pc-linux-gnu/10.1.0/../../../../lib64/:/lib/../lib64/:/usr/lib/../lib64/:/opt/gcc/10.1.0/lib/gcc/x86_64-pc-linux-gnu/10.1.0/../../../:/lib/:/usr/lib/]
  ignore line: [COLLECT_GCC_OPTIONS='-v' '-o' 'cmTC_a8752' '-shared-libgcc' '-mtune=generic' '-march=x86-64']
  link line: [ /opt/gcc/10.1.0/libexec/gcc/x86_64-pc-linux-gnu/10.1.0/collect2 -plugin /opt/gcc/10.1.0/libexec/gcc/x86_64-pc-linux-gnu/10.1.0/liblto_plugin.so -plugin-opt=/opt/gcc/10.1.0/libexec/gcc/x86_64-pc-linux-gnu/10.1.0/lto-wrapper -plugin-opt=-fresolution=/tmp/ccQVtLFb.res -plugin-opt=-pass-through=-lgcc_s -plugin-opt=-pass-through=-lgcc -plugin-opt=-pass-through=-lc -plugin-opt=-pass-through=-lgcc_s -plugin-opt=-pass-through=-lgcc --eh-frame-hdr -m elf_x86_64 -dynamic-linker /lib64/ld-linux-x86-64.so.2 -o cmTC_a8752 /lib/../lib64/crt1.o /lib/../lib64/crti.o /opt/gcc/10.1.0/lib/gcc/x86_64-pc-linux-gnu/10.1.0/crtbegin.o -L/opt/gcc/10.1.0/lib/gcc/x86_64-pc-linux-gnu/10.1.0 -L/opt/gcc/10.1.0/lib/gcc/x86_64-pc-linux-gnu/10.1.0/../../../../lib64 -L/lib/../lib64 -L/usr/lib/../lib64 -L/opt/gcc/10.1.0/lib/gcc/x86_64-pc-linux-gnu/10.1.0/../../.. CMakeFiles/cmTC_a8752.dir/CMakeCXXCompilerABI.cpp.o -lstdc++ -lm -lgcc_s -lgcc -lc -lgcc_s -lgcc /opt/gcc/10.1.0/lib/gcc/x86_64-pc-linux-gnu/10.1.0/crtend.o /lib/../lib64/crtn.o]
    arg [/opt/gcc/10.1.0/libexec/gcc/x86_64-pc-linux-gnu/10.1.0/collect2] ==> ignore
    arg [-plugin] ==> ignore
    arg [/opt/gcc/10.1.0/libexec/gcc/x86_64-pc-linux-gnu/10.1.0/liblto_plugin.so] ==> ignore
    arg [-plugin-opt=/opt/gcc/10.1.0/libexec/gcc/x86_64-pc-linux-gnu/10.1.0/lto-wrapper] ==> ignore
    arg [-plugin-opt=-fresolution=/tmp/ccQVtLFb.res] ==> ignore
    arg [-plugin-opt=-pass-through=-lgcc_s] ==> ignore
    arg [-plugin-opt=-pass-through=-lgcc] ==> ignore
    arg [-plugin-opt=-pass-through=-lc] ==> ignore
    arg [-plugin-opt=-pass-through=-lgcc_s] ==> ignore
    arg [-plugin-opt=-pass-through=-lgcc] ==> ignore
    arg [--eh-frame-hdr] ==> ignore
    arg [-m] ==> ignore
    arg [elf_x86_64] ==> ignore
    arg [-dynamic-linker] ==> ignore
    arg [/lib64/ld-linux-x86-64.so.2] ==> ignore
    arg [-o] ==> ignore
    arg [cmTC_a8752] ==> ignore
    arg [/lib/../lib64/crt1.o] ==> ignore
    arg [/lib/../lib64/crti.o] ==> ignore
    arg [/opt/gcc/10.1.0/lib/gcc/x86_64-pc-linux-gnu/10.1.0/crtbegin.o] ==> ignore
    arg [-L/opt/gcc/10.1.0/lib/gcc/x86_64-pc-linux-gnu/10.1.0] ==> dir [/opt/gcc/10.1.0/lib/gcc/x86_64-pc-linux-gnu/10.1.0]
    arg [-L/opt/gcc/10.1.0/lib/gcc/x86_64-pc-linux-gnu/10.1.0/../../../../lib64] ==> dir [/opt/gcc/10.1.0/lib/gcc/x86_64-pc-linux-gnu/10.1.0/../../../../lib64]
    arg [-L/lib/../lib64] ==> dir [/lib/../lib64]
    arg [-L/usr/lib/../lib64] ==> dir [/usr/lib/../lib64]
    arg [-L/opt/gcc/10.1.0/lib/gcc/x86_64-pc-linux-gnu/10.1.0/../../..] ==> dir [/opt/gcc/10.1.0/lib/gcc/x86_64-pc-linux-gnu/10.1.0/../../..]
    arg [CMakeFiles/cmTC_a8752.dir/CMakeCXXCompilerABI.cpp.o] ==> ignore
    arg [-lstdc++] ==> lib [stdc++]
    arg [-lm] ==> lib [m]
    arg [-lgcc_s] ==> lib [gcc_s]
    arg [-lgcc] ==> lib [gcc]
    arg [-lc] ==> lib [c]
    arg [-lgcc_s] ==> lib [gcc_s]
    arg [-lgcc] ==> lib [gcc]
    arg [/opt/gcc/10.1.0/lib/gcc/x86_64-pc-linux-gnu/10.1.0/crtend.o] ==> ignore
    arg [/lib/../lib64/crtn.o] ==> ignore
  collapse library dir [/opt/gcc/10.1.0/lib/gcc/x86_64-pc-linux-gnu/10.1.0] ==> [/opt/gcc/10.1.0/lib/gcc/x86_64-pc-linux-gnu/10.1.0]
  collapse library dir [/opt/gcc/10.1.0/lib/gcc/x86_64-pc-linux-gnu/10.1.0/../../../../lib64] ==> [/opt/gcc/10.1.0/lib64]
  collapse library dir [/lib/../lib64] ==> [/lib64]
  collapse library dir [/usr/lib/../lib64] ==> [/usr/lib64]
  collapse library dir [/opt/gcc/10.1.0/lib/gcc/x86_64-pc-linux-gnu/10.1.0/../../..] ==> [/opt/gcc/10.1.0/lib]
  implicit libs: [stdc++;m;gcc_s;gcc;c;gcc_s;gcc]
  implicit dirs: [/opt/gcc/10.1.0/lib/gcc/x86_64-pc-linux-gnu/10.1.0;/opt/gcc/10.1.0/lib64;/lib64;/usr/lib64;/opt/gcc/10.1.0/lib]
  implicit fwks: []


